[1761430430528] Kernel iniciado; planificador=FCFS
[1761430630812] CREATE pid=1 tipo=CPU_BOUND total=20 prio=5
[1761430633732] CREATE pid=2 tipo=IO_BOUND total=20 prio=5
[1761430642608] CREATE pid=3 tipo=IO_BOUND total=25 prio=6
[1761430659532] CREATE pid=4 tipo=CPU_BOUND total=19 prio=2
[1761430660422] ADMIT pid=1
[1761430660422] ADMIT pid=2
[1761430660422] ADMIT pid=3
[1761430660422] ADMIT pid=4
[1761430660721] DISPATCH pid=1
[1761430662822] SUSPEND pid=2
[1761430663121] SUSPEND pid=3
[1761430666420] EXIT pid=1
[1761430666420] RESUME pid=2
[1761430666721] DISPATCH pid=4
[1761430672121] EXIT pid=4
[1761430672121] RESUME pid=3
[1761430672421] DISPATCH pid=2
[1761430673622] BLOCK pid=2 io=3
[1761430673623] BLOCK pid=2 io=3
[1761430673623] SUSPEND pid=3
[1761430674523] UNBLOCK pid=2
[1761430674821] DISPATCH pid=2
[1761430675425] UNBLOCK pid=2
[1761430676020] BLOCK pid=2 io=3
[1761430676020] BLOCK pid=2 io=3
[1761430676020] SUSPEND pid=2
[1761430676921] UNBLOCK pid=2
[1761430676921] DISPATCH pid=2
[1761430677821] UNBLOCK pid=2
[1761430678121] BLOCK pid=2 io=3
[1761430678121] BLOCK pid=2 io=3
[1761430678121] SUSPEND pid=2
[1761430679022] UNBLOCK pid=2
[1761430679320] DISPATCH pid=2
[1761430679922] UNBLOCK pid=2
[1761430680522] EXIT pid=2
[1761430680522] RESUME pid=3
[1761430680821] DISPATCH pid=2
[1761430680821] EXIT pid=2
[1761430680821] RESUME pid=2
[1761430681120] DISPATCH pid=3
[1761430682021] BLOCK pid=3 io=2
[1761430682021] BLOCK pid=3 io=2
[1761430682021] SUSPEND pid=2
[1761430682622] UNBLOCK pid=3
[1761430682921] DISPATCH pid=3
[1761430683222] UNBLOCK pid=3
[1761430683822] BLOCK pid=3 io=2
[1761430683822] BLOCK pid=3 io=2
[1761430683822] SUSPEND pid=3
[1761430684423] UNBLOCK pid=3
[1761430684720] DISPATCH pid=3
[1761430685036] UNBLOCK pid=3
[1761430685621] BLOCK pid=3 io=2
[1761430685621] BLOCK pid=3 io=2
[1761430685621] SUSPEND pid=3
[1761430686221] DISPATCH pid=3
[1761430686222] UNBLOCK pid=3
[1761430686822] UNBLOCK pid=3
[1761430687124] BLOCK pid=3 io=2
[1761430687124] BLOCK pid=3 io=2
[1761430687124] SUSPEND pid=3
[1761430687726] UNBLOCK pid=3
[1761430688020] DISPATCH pid=3
[1761430688326] UNBLOCK pid=3
[1761430688921] BLOCK pid=3 io=2
[1761430688925] BLOCK pid=3 io=2
[1761430688925] SUSPEND pid=3
[1761430689527] UNBLOCK pid=3
[1761430689820] DISPATCH pid=3
[1761430690128] UNBLOCK pid=3
[1761430690721] BLOCK pid=3 io=2
[1761430690721] BLOCK pid=3 io=2
[1761430690721] SUSPEND pid=3
[1761430691322] UNBLOCK pid=3
[1761430691621] DISPATCH pid=3
[1761430691621] EXIT pid=3
[1761430691621] RESUME pid=2
[1761430691922] DISPATCH pid=2
[1761430691923] UNBLOCK pid=3
[1761430899719] Kernel iniciado; planificador=FCFS
[1761430905706] CREATE pid=1 tipo=CPU_BOUND total=20 prio=5
[1761430911767] CREATE pid=2 tipo=IO_BOUND total=20 prio=3
[1761430918107] CREATE pid=3 tipo=IO_BOUND total=19 prio=6
[1761430921320] ADMIT pid=1
[1761430921320] ADMIT pid=2
[1761430921622] DISPATCH pid=1
[1761430924022] PREEMPT pid=1
[1761430924022] DISPATCH pid=2
[1761430925221] BLOCK pid=2 io=2
[1761430925221] BLOCK pid=2 io=2
[1761430925221] DISPATCH pid=1
[1761430925824] UNBLOCK->SUSP pid=2
[1761430926425] UNBLOCK pid=2
[1761430927621] PREEMPT pid=1
[1761430927621] DISPATCH pid=2
[1761430928822] BLOCK pid=2 io=2
[1761430928822] BLOCK pid=2 io=2
[1761430928822] DISPATCH pid=1
[1761430929422] UNBLOCK->SUSP pid=2
[1761430930022] EXIT pid=1
[1761430930022] ADMIT pid=3
[1761430930023] UNBLOCK pid=2
[1761430930322] DISPATCH pid=3
[1761430932120] BLOCK pid=3 io=4
[1761430932120] BLOCK pid=3 io=4
[1761430932120] DISPATCH pid=2
[1761430933321] UNBLOCK->SUSP pid=3
[1761430933321] BLOCK pid=2 io=2
[1761430933321] BLOCK pid=2 io=2
[1761430934522] UNBLOCK->SUSP pid=3
[1761430935123] UNBLOCK pid=2
[1761430935420] DISPATCH pid=2
[1761430935723] UNBLOCK pid=2
[1761430936621] BLOCK pid=2 io=2
[1761430936621] BLOCK pid=2 io=2
[1761430936621] DISPATCH pid=2
[1761430937223] UNBLOCK->SUSP pid=2
[1761430937823] UNBLOCK pid=2
[1761430939020] EXIT pid=2
[1761430939020] DISPATCH pid=2
[1761430939021] RESUME pid=2
[1761430939321] EXIT pid=2
[1761430939321] DISPATCH pid=2
[1761430939321] RESUME pid=2
